# Transifex resource user-installed-packages-mx 
# with minimum completion percent 30%
# generated at Wed, 13 May 2026 11:01:04 -0500
   Nr.		Cnt.	 Compl.		Code		Language
   ---		----	 ------		----		--------
     1		  71	   100%    	ca      	ca	Catalan; Valencian
     2		  71	   100%    	de      	de	German
     3		  71	   100%    	es      	es	Spanish; Castilian
     4		  71	   100%    	es_ES   	es	Spanish; Castilian @ Spain
     5		  71	   100%    	pl      	pl	Polish
     6		  68	    95%    	nl      	nl	Dutch; Flemish
     7		  68	    95%    	pt      	pt	Portuguese
     8		  68	    95%    	pt_BR   	pt	Portuguese @ Brazil
     9		  68	    95%    	sq      	sq	Albanian
    10		  68	    95%    	sv      	sv	Swedish
    11		  59	    83%    	el      	el	Greek, Modern (1453-)
    12		  59	    83%    	fi      	fi	Finnish
    13		  59	    83%    	fr      	fr	French
    14		  59	    83%    	fr_BE   	fr	French @ Belgium
    15		  59	    83%    	gl_ES   	gl	Galician @ Spain
    16		  59	    83%    	hu      	hu	Hungarian
    17		  59	    83%    	it      	it	Italian
    18		  59	    83%    	ja      	ja	Japanese
    19		  59	    83%    	nb      	nb	Bokmål, Norwegian; Norwegian Bokmål
    20		  59	    83%    	ru      	ru	Russian
    21		  59	    83%    	sl      	sl	Slovenian
    22		  59	    83%    	tr      	tr	Turkish
    23		  58	    81%    	ru_RU   	ru	Russian @ Russian Federation
    24		  58	    81%    	zh_CN   	zh	Chinese @ China
    25		  51	    71%    	nl_BE   	nl	Dutch; Flemish @ Belgium
